Warning: ignoring unsupported tag `ALLOW_UNICODE_NAMES    =' at line 79, file /home/travis/build/1CRM/1crm-api-client-php/Doxyfile
Warning: ignoring unsupported tag `TOC_INCLUDE_HEADINGS   =' at line 314, file /home/travis/build/1CRM/1crm-api-client-php/Doxyfile
Warning: ignoring unsupported tag `GROUP_NESTED_COMPOUNDS =' at line 371, file /home/travis/build/1CRM/1crm-api-client-php/Doxyfile
Warning: ignoring unsupported tag `HIDE_COMPOUND_REFERENCE=' at line 542, file /home/travis/build/1CRM/1crm-api-client-php/Doxyfile
Warning: ignoring unsupported tag `WARN_AS_ERROR          =' at line 766, file /home/travis/build/1CRM/1crm-api-client-php/Doxyfile
Warning: ignoring unsupported tag `HTML_DYNAMIC_MENUS     =' at line 1237, file /home/travis/build/1CRM/1crm-api-client-php/Doxyfile
Warning: ignoring unsupported tag `LATEX_EXTRA_STYLESHEET =' at line 1752, file /home/travis/build/1CRM/1crm-api-client-php/Doxyfile
Warning: ignoring unsupported tag `LATEX_TIMESTAMP        =' at line 1819, file /home/travis/build/1CRM/1crm-api-client-php/Doxyfile
Warning: ignoring unsupported tag `RTF_SOURCE_CODE        =' at line 1885, file /home/travis/build/1CRM/1crm-api-client-php/Doxyfile
Warning: ignoring unsupported tag `MAN_SUBDIR             =' at line 1920, file /home/travis/build/1CRM/1crm-api-client-php/Doxyfile
Warning: ignoring unsupported tag `DOCBOOK_PROGRAMLISTING =' at line 1983, file /home/travis/build/1CRM/1crm-api-client-php/Doxyfile
Warning: ignoring unsupported tag `PLANTUML_JAR_PATH      =' at line 2412, file /home/travis/build/1CRM/1crm-api-client-php/Doxyfile
Warning: ignoring unsupported tag `PLANTUML_CFG_FILE      =' at line 2417, file /home/travis/build/1CRM/1crm-api-client-php/Doxyfile
Warning: ignoring unsupported tag `PLANTUML_INCLUDE_PATH  =' at line 2422, file /home/travis/build/1CRM/1crm-api-client-php/Doxyfile
Searching for include files...
Searching for example files...
Searching for images...
Searching for dot files...
Searching for msc files...
Searching for dia files...
Searching for files to exclude
Searching for files to process...
Searching for files in directory /home/travis/build/1CRM/1crm-api-client-php/src
Searching for files in directory /home/travis/build/1CRM/1crm-api-client-php/src/APIClient
Searching for files in directory /home/travis/build/1CRM/1crm-api-client-php/src/APIClient/Authentication
Searching for files in directory /home/travis/build/1CRM/1crm-api-client-php/docs-pages
Searching for files in directory /home/travis/build/1CRM/1crm-api-client-php/docs-pages/data
Searching for files in directory /home/travis/build/1CRM/1crm-api-client-php/docs-pages/files
Reading and parsing tag files
Parsing files
Reading /home/travis/build/1CRM/1crm-api-client-php/src/APIClient/Authentication/Basic.php...
Parsing file /home/travis/build/1CRM/1crm-api-client-php/src/APIClient/Authentication/Basic.php...
Reading /home/travis/build/1CRM/1crm-api-client-php/src/APIClient/Authentication/OAuth.php...
Parsing file /home/travis/build/1CRM/1crm-api-client-php/src/APIClient/Authentication/OAuth.php...
Reading /home/travis/build/1CRM/1crm-api-client-php/src/APIClient/Authentication.php...
Parsing file /home/travis/build/1CRM/1crm-api-client-php/src/APIClient/Authentication.php...
Reading /home/travis/build/1CRM/1crm-api-client-php/src/APIClient/AuthorizationFlow.php...
Parsing file /home/travis/build/1CRM/1crm-api-client-php/src/APIClient/AuthorizationFlow.php...
Reading /home/travis/build/1CRM/1crm-api-client-php/src/APIClient/Calendar.php...
Parsing file /home/travis/build/1CRM/1crm-api-client-php/src/APIClient/Calendar.php...
Reading /home/travis/build/1CRM/1crm-api-client-php/src/APIClient/Client.php...
Parsing file /home/travis/build/1CRM/1crm-api-client-php/src/APIClient/Client.php...
Reading /home/travis/build/1CRM/1crm-api-client-php/src/APIClient/Error.php...
Parsing file /home/travis/build/1CRM/1crm-api-client-php/src/APIClient/Error.php...
Reading /home/travis/build/1CRM/1crm-api-client-php/src/APIClient/Files.php...
Parsing file /home/travis/build/1CRM/1crm-api-client-php/src/APIClient/Files.php...
Reading /home/travis/build/1CRM/1crm-api-client-php/src/APIClient/ListResult.php...
Parsing file /home/travis/build/1CRM/1crm-api-client-php/src/APIClient/ListResult.php...
Reading /home/travis/build/1CRM/1crm-api-client-php/src/APIClient/ListResultGenerator.php...
Parsing file /home/travis/build/1CRM/1crm-api-client-php/src/APIClient/ListResultGenerator.php...
Reading /home/travis/build/1CRM/1crm-api-client-php/src/APIClient/Model.php...
Parsing file /home/travis/build/1CRM/1crm-api-client-php/src/APIClient/Model.php...
Reading /home/travis/build/1CRM/1crm-api-client-php/docs-pages/auth.md...
Reading /home/travis/build/1CRM/1crm-api-client-php/docs-pages/calendar.md...
Reading /home/travis/build/1CRM/1crm-api-client-php/docs-pages/data/add-related.md...
Reading /home/travis/build/1CRM/1crm-api-client-php/docs-pages/data/create.md...
Reading /home/travis/build/1CRM/1crm-api-client-php/docs-pages/data/delete.md...
Reading /home/travis/build/1CRM/1crm-api-client-php/docs-pages/data/list.md...
Reading /home/travis/build/1CRM/1crm-api-client-php/docs-pages/data/record.md...
Reading /home/travis/build/1CRM/1crm-api-client-php/docs-pages/data/related.md...
Reading /home/travis/build/1CRM/1crm-api-client-php/docs-pages/data/update.md...
Reading /home/travis/build/1CRM/1crm-api-client-php/docs-pages/data.md...
Reading /home/travis/build/1CRM/1crm-api-client-php/docs-pages/files/download.md...
Reading /home/travis/build/1CRM/1crm-api-client-php/docs-pages/files/info.md...
Reading /home/travis/build/1CRM/1crm-api-client-php/docs-pages/files/upload.md...
Reading /home/travis/build/1CRM/1crm-api-client-php/docs-pages/files/use.md...
Reading /home/travis/build/1CRM/1crm-api-client-php/docs-pages/files.md...
Reading /home/travis/build/1CRM/1crm-api-client-php/docs-pages/list-result.md...
Reading /home/travis/build/1CRM/1crm-api-client-/home/travis/build/1CRM/1crm-api-client-php/docs-pages/lowlevel.md:14: warning: Found unknown command `\APIClient'
/home/travis/build/1CRM/1crm-api-client-php/docs-pages/lowlevel.md:14: warning: Found unknown command `\Client'
/home/travis/build/1CRM/1crm-api-client-php/docs-pages/lowlevel.md:14: warning: Found unknown command `\request'
/home/travis/build/1CRM/1crm-api-client-php/docs-pages/lowlevel.md:16: warning: Found unknown command `\Client'
/home/travis/build/1CRM/1crm-api-client-php/docs-pages/lowlevel.md:131: warning: Found unknown command `\APIClient'
/home/travis/build/1CRM/1crm-api-client-php/docs-pages/lowlevel.md:131: warning: Found unknown command `\Client'
/home/travis/build/1CRM/1crm-api-client-php/docs-pages/lowlevel.md:131: warning: Found unknown command `\get'
/home/travis/build/1CRM/1crm-api-client-php/docs-pages/lowlevel.md:173: warning: Found unknown command `\APIClient'
/home/travis/build/1CRM/1crm-api-client-php/docs-pages/lowlevel.md:173: warning: Found unknown command `\Client'
/home/travis/build/1CRM/1crm-api-client-php/docs-pages/lowlevel.md:197: warning: Found unknown command `\APIClient'
/home/travis/build/1CRM/1crm-api-client-php/docs-pages/lowlevel.md:197: warning: Found unknown command `\Client'
/home/travis/build/1CRM/1crm-api-client-php/docs-pages/lowlevel.md:197: warning: Found unknown command `\patch'
/home/travis/build/1CRM/1crm-api-client-php/docs-pages/lowlevel.md:223: warning: Found unknown command `\APIClient'
/home/travis/build/1CRM/1crm-api-client-php/docs-pages/lowlevel.md:223: warning: Found unknown command `\Client'
/home/travis/build/1CRM/1crm-api-client-php/docs-pages/lowlevel.md:223: warning: Found unknown command `\delete'
/home/travis/build/1CRM/1crm-api-client-php/src/APIClient/AuthorizationFlow.php:101: warning: Member initAuthCode($auto_redirect) (function) of class OneCRM::APIClient::AuthorizationFlow is not documented.
/home/travis/build/1CRM/1crm-api-client-php/src/APIClient/AuthorizationFlow.php:115: warning: Member validateResponseState($response) (function) of class OneCRM::APIClient::AuthorizationFlow is not documented.
/home/travis/build/1CRM/1crm-api-client-php/src/APIClient/AuthorizationFlow.php:121: warning: Member finalAuthCode($response) (function) of class OneCRM::APIClient::AuthorizationFlow is not documented.
/home/travis/build/1CRM/1crm-api-client-php/src/APIClient/AuthorizationFlow.php:137: warning: Member initResourceOwner() (function) of class OneCRM::APIClient::AuthorizationFlow is not documented.
/home/travis/build/1CRM/1crm-api-client-php/src/APIClient/AuthorizationFlow.php:152: warning: Member initClientCredentials() (function) of class OneCRM::APIClient::AuthorizationFlow is not documented.
/home/travis/build/1CRM/1crm-api-client-php/src/APIClient/AuthorizationFlow.php:10: warning: Member $url (variable) of class OneCRM::APIClient::AuthorizationFlow is not documented.
/home/travis/build/1CRM/1crm-api-client-php/src/APIClient/AuthorizationFlow.php:11: warning: Member $options (variable) of class OneCRM::APIClient::AuthorizationFlow is not documented.
/home/travis/build/1CRM/1crm-api-client-php/src/APIClient/Calendar.php:12: warning: Member __construct(Client $client) (function) of class OneCRM::APIClient::Calendar is not documented.
/home/travis/build/1CRM/1crm-api-client-php/src/APIClient/Calendar.php:10: warning: Member $client (variable) of class OneCRM::APIClient::Calendar is not documented.
/home/travis/build/1CRM/1crm-api-client-php/src/APIClient/Calendar.php:17: warning: The following parameters of OneCRM\APIClient\Calendar\events($start_date,$end_date, array $types=[]) are not documented:
  parameter '$types'
php/docs-pages/lowlevel.md...
Reading /home/travis/build/1CRM/1crm-api-client-php/docs-pages/main.md...
Reading /home/travis/build/1CRM/1crm-api-client-php/docs-pages/meta.md...
Reading /home/travis/build/1CRM/1crm-api-client-php/docs-pages/utility.md...
Building group list...
Building directory list...
Building namespace list...
Building file list...
Building class list...
Associating documentation with classes...
Computing nesting relations for classes...
Building example list...
Searching for enumerations...
Searching for documented typedefs...
Searching for members imported via using declarations...
Searching for included using directives...
Searching for documented variables...
Building interface member list...
Building member list...
Searching for friends...
Searching for documented defines...
Computing class inheritance relations...
Computing class usage relations...
Flushing cached template relations that have become invalid...
Creating members for template instances...
Computing class relations...
Add enum values to enums...
Searching for member function documentation...
Building page list...
Search for main page...
Computing page relations...
Determining the scope of groups...
Sorting lists...
Freeing entry tree
Determining which enums are documented
Computing member relations...
Building full member lists recursively...
Adding members to member groups.
Computing member references...
Inheriting documentation...
Generating disk names...
Adding source references...
Adding xrefitems...
Sorting member lists...
Computing dependencies between directories...
Generating citations page...
Counting data structures...
Resolving user defined references...
Finding anchors and sections in the documentation...
Transferring function references...
Combining using relations...
Adding members to index pages...
Generating style sheet...
Generating search indices...
Generating example documentation...
Generating file sources...
Generating file documentation...
Generating page documentation...
Generating docs for page md_docs-pages_auth...
Generating docs for page Authentication...
Generating docs for page md_docs-pages_calendar...
Generating docs for page calendar...
Generating docs for page md_docs-pages_data_add-related...
Generating docs for page data-add-related...
Generating docs for page md_docs-pages_data_create...
Generating docs for page data-create...
Generating docs for page md_docs-pages_data_delete...
Generating docs for page data-delete...
Generating docs for page md_docs-pages_data_list...
Generating docs for page data-list...
Generating docs for page md_docs-pages_data_record...
Generating docs for page data-record...
Generating docs for page md_docs-pages_data_related...
Generating docs for page data-related...
Generating docs for page md_docs-pages_data_update...
Generating docs for page data-update...
Generating docs for page md_docs-pages_data...
Generating docs for page Data...
Generating docs for page md_docs-pages_files_download...
Generating docs for page files-download...
Generating docs for page md_docs-pages_files_info...
Generating docs for page files-info...
Generating docs for page md_docs-pages_files_upload...
Generating docs for page files-upload...
Generating docs for page md_docs-pages_files_use...
Generating docs for page files-use...
Generating docs for page md_docs-pages_files...
Generating docs for page files...
Generating docs for page md_docs-pages_list-result...
Generating docs for page list-result...
Generating docs for page md_docs-pages_lowlevel...
Generating docs for page Lowlevel...
Generating docs for page md_docs-pages_main...
Generating docs for page md_docs-pages_meta...
Generating docs for page meta...
Generating docs for page md_docs-pages_utility...
Generating docs for page utility...
Generating group documentation...
Generating class documentation...
Generating namespace index...
Generating docs for compound OneCRM::APIClient::Authentication...
Generating docs for compound OneCRM::APIClient::AuthorizationFlow...
Generating docs for compound OneCRM::APIClient::Calendar...
Generat/home/travis/build/1CRM/1crm-api-client-php/src/APIClient/Client.php:10: warning: Member $url (variable) of class OneCRM::APIClient::Client is not documented.
/home/travis/build/1CRM/1crm-api-client-php/src/APIClient/Client.php:11: warning: Member $auth (variable) of class OneCRM::APIClient::Client is not documented.
/home/travis/build/1CRM/1crm-api-client-php/src/APIClient/Client.php:12: warning: Member $_calendar (variable) of class OneCRM::APIClient::Client is not documented.
/home/travis/build/1CRM/1crm-api-client-php/src/APIClient/Client.php:13: warning: Member $_files (variable) of class OneCRM::APIClient::Client is not documented.
/home/travis/build/1CRM/1crm-api-client-php/src/APIClient/Client.php:142: warning: argument '$query' of command @param is not found in the argument list of OneCRM\APIClient\Client::delete($endpoint,$query_params=[])
/home/travis/build/1CRM/1crm-api-client-php/src/APIClient/Client.php:142: warning: The following parameters of OneCRM\APIClient\Client\delete($endpoint,$query_params=[]) are not documented:
  parameter '$query_params'
/home/travis/build/1CRM/1crm-api-client-php/src/APIClient/Client.php:127: warning: argument '$query' of command @param is not found in the argument list of OneCRM\APIClient\Client::get($endpoint,$query_params=[])
/home/travis/build/1CRM/1crm-api-client-php/src/APIClient/Client.php:127: warning: The following parameters of OneCRM\APIClient\Client\get($endpoint,$query_params=[]) are not documented:
  parameter '$query_params'
/home/travis/build/1CRM/1crm-api-client-php/src/APIClient/Client.php:95: warning: argument '$query' of command @param is not found in the argument list of OneCRM\APIClient\Client::patch($endpoint,$body,$query_params=[])
/home/travis/build/1CRM/1crm-api-client-php/src/APIClient/Client.php:95: warning: The following parameters of OneCRM\APIClient\Client\patch($endpoint,$body,$query_params=[]) are not documented:
  parameter '$query_params'
/home/travis/build/1CRM/1crm-api-client-php/src/APIClient/Client.php:79: warning: argument '$query' of command @param is not found in the argument list of OneCRM\APIClient\Client::post($endpoint,$body,$query_params=[])
/home/travis/build/1CRM/1crm-api-client-php/src/APIClient/Client.php:79: warning: The following parameters of OneCRM\APIClient\Client\post($endpoint,$body,$query_params=[]) are not documented:
  parameter '$query_params'
/home/travis/build/1CRM/1crm-api-client-php/src/APIClient/Client.php:111: warning: argument '$query' of command @param is not found in the argument list of OneCRM\APIClient\Client::put($endpoint,$body,$query_params=[])
/home/travis/build/1CRM/1crm-api-client-php/src/APIClient/Client.php:111: warning: The following parameters of OneCRM\APIClient\Client\put($endpoint,$body,$query_params=[]) are not documented:
  parameter '$query_params'
/home/travis/build/1CRM/1crm-api-client-php/src/APIClient/Client.php:41: warning: Found unknown command `\Client'
/home/travis/build/1CRM/1crm-api-client-php/src/APIClient/Error.php:10: warning: Member $hint (variable) of class OneCRM::APIClient::Error is not documented.
/home/travis/build/1CRM/1crm-api-client-php/src/APIClient/Error.php:11: warning: Member $error_type (variable) of class OneCRM::APIClient::Error is not documented.
/home/travis/build/1CRM/1crm-api-client-php/src/APIClient/Files.php:12: warning: Member __construct(Client $client) (function) of class OneCRM::APIClient::Files is not documented.
/home/travis/build/1CRM/1crm-api-client-php/src/APIClient/Files.php:10: warning: Member $client (variable) of class OneCRM::APIClient::Files is not documented.
/home/travis/build/1CRM/1crm-api-client-php/src/APIClient/Files.php:17: warning: argument 'content_type' of command @param is not found in the argument list of OneCRM\APIClient\Files::upload($res,$filename,$content_type='application/octet-stream')
/home/travis/build/1CRM/1crm-api-client-php/src/APIClient/Files.php:17: warning: The following parameters of OneCRM\APIClient\Files\upload($res,$filename,$content_type='application/octet-stream') are not documented:
  parameter '$content_type'
/home/travis/build/1CRM/1crm-api-client-php/src/APIClient/ListResult.php:16: warning: Member __construct($client, $endpoint, $query, $result) (function) of class OneCRM::APIClient::ListResult is not documented.
/home/travis/build/1CRM/1crm-api-client-php/src/APIClient/ListResult.php:11: warning: Member $client (variable) of class OneCRM::APIClient::ListResult is not documented.
/home/travis/build/1CRM/1crm-api-client-php/src/APIClient/ListResult.php:12: warning: Member $endpoint (variable) of class OneCRM::APIClient::ListResult is not documented.
/home/travis/build/1CRM/1crm-api-client-php/src/APIClient/ListResult.php:13: warning: Member $query (variable) of class OneCRM::APIClient::ListResult is not documented.
/home/travis/build/1CRM/1crm-api-client-php/src/APIClient/ListResult.php:14: warning: Member $result (variable) of class OneCRM::APIClient::ListResult is not documented.
/home/travis/build/1CRM/1crm-api-client-php/src/APIClient/ListResultGenerator.php:16: warning: Member __construct($client, $endpoint, $query, $result) (function) of class OneCRM::APIClient::ListResultGenerator is not documented.
/home/travis/build/1CRM/1crm-api-client-php/src/APIClient/ListResultGenerator.php:11: warning: Member $client (variable) of class OneCRM::APIClient::ListResultGenerator is not documented.
/home/travis/build/1CRM/1crm-api-client-php/src/APIClient/ListResultGenerator.php:12: warning: Member $endpoint (variable) of class OneCRM::APIClient::ListResultGenerator is not documented.
/home/travis/build/1CRM/1crm-api-client-php/src/APIClient/ListResultGenerator.php:13: warning: Member $query (variable) of class OneCRM::APIClient::ListResultGenerator is not documented.
/home/travis/build/1CRM/1crm-api-client-php/src/APIClient/ListResultGenerator.php:14: warning: Member $result (variable) of class OneCRM::APIClient::ListResultGenerator is not documented.
/home/travis/build/1CRM/1crm-api-client-php/src/APIClient/Model.php:13: warning: Member __construct(Client $client, $model_name) (function) of class OneCRM::APIClient::Model is not documented.
/home/travis/build/1CRM/1crm-api-client-php/src/APIClient/Model.php:10: warning: Member $client (variable) of class OneCRM::APIClient::Model is not documented.
/home/travis/build/1CRM/1crm-api-client-php/src/APIClient/Model.php:11: warning: Member $model_name (variable) of class OneCRM::APIClient::Model is not documented.
/home/travis/build/1CRM/1crm-api-client-php/src/APIClient/Authentication/Basic.php:11: warning: Member $username (variable) of class OneCRM::APIClient::Authentication::Basic is not documented.
/home/travis/build/1CRM/1crm-api-client-php/src/APIClient/Authentication/Basic.php:12: warning: Member $password (variable) of class OneCRM::APIClient::Authentication::Basic is not documented.
/home/travis/build/1CRM/1crm-api-client-php/src/APIClient/Authentication/OAuth.php:12: warning: Member $token (variable) of class OneCRM::APIClient::Authentication::OAuth is not documented.
ing docs for compound OneCRM::APIClient::Client...
Generating docs for compound OneCRM::APIClient::Error...
Generating docs for compound OneCRM::APIClient::Files...
Generating docs for compound OneCRM::APIClient::ListResult...
Generating docs for compound OneCRM::APIClient::ListResultGenerator...
Generating docs for compound OneCRM::APIClient::Model...
Generating docs for compound OneCRM::APIClient::Authentication::Basic...
Generating docs for compound OneCRM::APIClient::Authentication::OAuth...
Generating graph info page...
Generating directory documentation...
Generating index page...
Generating page index...
Generating module index...
Generating namespace index...
Generating namespace member index...
Generating annotated compound index...
Generating alphabetical compound index...
Generating hierarchical class index...
Generating member index...
Generating file index...
Generating file member index...
Generating example index...
finalizing index lists...
lookup cache used 80/65536 hits=408 misses=84
finished...
